<?xml version="1.0" encoding="UTF-8"?>
<coverage generated="1718230868467" clover="3.2.0">
  <project timestamp="1718230868467" name="All files">
    <metrics statements="401" coveredstatements="396" conditionals="115" coveredconditionals="110" methods="61" coveredmethods="59" elements="577" coveredelements="565" complexity="0" loc="401" ncloc="401" packages="5" files="15" classes="15"/>
    <package name="express-jobly">
      <metrics statements="52" coveredstatements="50" conditionals="20" coveredconditionals="17" methods="8" coveredmethods="7"/>
      <file name="app.js" path="/home/paraben/Documents/express-jobly/express-jobly/app.js">
        <metrics statements="24" coveredstatements="24" conditionals="4" coveredconditionals="4" methods="2" coveredmethods="2"/>
        <line num="5" count="5" type="stmt"/>
        <line num="6" count="5" type="stmt"/>
        <line num="8" count="5" type="stmt"/>
        <line num="10" count="5" type="stmt"/>
        <line num="11" count="5" type="stmt"/>
        <line num="12" count="5" type="stmt"/>
        <line num="13" count="5" type="stmt"/>
        <line num="15" count="5" type="stmt"/>
        <line num="17" count="5" type="stmt"/>
        <line num="19" count="5" type="stmt"/>
        <line num="20" count="5" type="stmt"/>
        <line num="21" count="5" type="stmt"/>
        <line num="22" count="5" type="stmt"/>
        <line num="24" count="5" type="stmt"/>
        <line num="25" count="5" type="stmt"/>
        <line num="26" count="5" type="stmt"/>
        <line num="30" count="5" type="stmt"/>
        <line num="31" count="2" type="stmt"/>
        <line num="35" count="5" type="stmt"/>
        <line num="36" count="41" type="cond" truecount="2" falsecount="0"/>
        <line num="37" count="41" type="cond" truecount="2" falsecount="0"/>
        <line num="38" count="41" type="stmt"/>
        <line num="40" count="41" type="stmt"/>
        <line num="45" count="5" type="stmt"/>
      </file>
      <file name="config.js" path="/home/paraben/Documents/express-jobly/express-jobly/config.js">
        <metrics statements="13" coveredstatements="13" conditionals="10" coveredconditionals="10" methods="1" coveredmethods="1"/>
        <line num="5" count="10" type="stmt"/>
        <line num="6" count="10" type="stmt"/>
        <line num="8" count="10" type="cond" truecount="2" falsecount="0"/>
        <line num="10" count="10" type="cond" truecount="2" falsecount="0"/>
        <line num="21" count="20" type="cond" truecount="2" falsecount="0"/>
        <line num="29" count="10" type="cond" truecount="2" falsecount="0"/>
        <line num="31" count="10" type="stmt"/>
        <line num="32" count="10" type="stmt"/>
        <line num="33" count="10" type="stmt"/>
        <line num="34" count="10" type="stmt"/>
        <line num="35" count="10" type="stmt"/>
        <line num="36" count="10" type="stmt"/>
        <line num="38" count="10" type="stmt"/>
      </file>
      <file name="db.js" path="/home/paraben/Documents/express-jobly/express-jobly/db.js">
        <metrics statements="7" coveredstatements="6" conditionals="2" coveredconditionals="1" methods="0" coveredmethods="0"/>
        <line num="3" count="7" type="stmt"/>
        <line num="4" count="7" type="stmt"/>
        <line num="28" count="7" type="cond" truecount="1" falsecount="1"/>
        <line num="29" count="0" type="stmt"/>
        <line num="40" count="7" type="stmt"/>
        <line num="49" count="7" type="stmt"/>
        <line num="51" count="7" type="stmt"/>
      </file>
      <file name="expressError.js" path="/home/paraben/Documents/express-jobly/express-jobly/expressError.js">
        <metrics statements="8" coveredstatements="7" conditionals="4" coveredconditionals="2" methods="5" coveredmethods="4"/>
        <line num="9" count="61" type="stmt"/>
        <line num="10" count="61" type="stmt"/>
        <line num="11" count="61" type="stmt"/>
        <line num="19" count="21" type="stmt"/>
        <line num="27" count="21" type="stmt"/>
        <line num="35" count="19" type="stmt"/>
        <line num="43" count="0" type="stmt"/>
        <line num="47" count="9" type="stmt"/>
      </file>
    </package>
    <package name="express-jobly.helpers">
      <metrics statements="13" coveredstatements="13" conditionals="6" coveredconditionals="6" methods="3" coveredmethods="3"/>
      <file name="sql.js" path="/home/paraben/Documents/express-jobly/express-jobly/helpers/sql.js">
        <metrics statements="7" coveredstatements="7" conditionals="4" coveredconditionals="4" methods="2" coveredmethods="2"/>
        <line num="1" count="8" type="stmt"/>
        <line num="18" count="20" type="stmt"/>
        <line num="19" count="20" type="cond" truecount="2" falsecount="0"/>
        <line num="22" count="16" type="stmt"/>
        <line num="23" count="37" type="cond" truecount="2" falsecount="0"/>
        <line num="26" count="16" type="stmt"/>
        <line num="32" count="8" type="stmt"/>
      </file>
      <file name="tokens.js" path="/home/paraben/Documents/express-jobly/express-jobly/helpers/tokens.js">
        <metrics statements="6" coveredstatements="6" conditionals="2" coveredconditionals="2" methods="1" coveredmethods="1"/>
        <line num="1" count="6" type="stmt"/>
        <line num="2" count="6" type="stmt"/>
        <line num="7" count="16" type="stmt"/>
        <line num="10" count="16" type="stmt"/>
        <line num="15" count="16" type="stmt"/>
        <line num="18" count="6" type="stmt"/>
      </file>
    </package>
    <package name="express-jobly.middleware">
      <metrics statements="25" coveredstatements="25" conditionals="15" coveredconditionals="15" methods="4" coveredmethods="4"/>
      <file name="auth.js" path="/home/paraben/Documents/express-jobly/express-jobly/middleware/auth.js">
        <metrics statements="25" coveredstatements="25" conditionals="15" coveredconditionals="15" methods="4" coveredmethods="4"/>
        <line num="5" count="6" type="stmt"/>
        <line num="6" count="6" type="stmt"/>
        <line num="7" count="6" type="stmt"/>
        <line num="19" count="65" type="stmt"/>
        <line num="20" count="65" type="cond" truecount="2" falsecount="0"/>
        <line num="21" count="65" type="cond" truecount="2" falsecount="0"/>
        <line num="22" count="42" type="stmt"/>
        <line num="23" count="42" type="stmt"/>
        <line num="25" count="64" type="stmt"/>
        <line num="27" count="1" type="stmt"/>
        <line num="37" count="2" type="stmt"/>
        <line num="38" count="2" type="cond" truecount="2" falsecount="0"/>
        <line num="39" count="1" type="stmt"/>
        <line num="41" count="1" type="stmt"/>
        <line num="46" count="24" type="stmt"/>
        <line num="47" count="24" type="cond" truecount="4" falsecount="0"/>
        <line num="48" count="15" type="stmt"/>
        <line num="51" count="9" type="stmt"/>
        <line num="56" count="22" type="stmt"/>
        <line num="57" count="22" type="stmt"/>
        <line num="58" count="22" type="cond" truecount="5" falsecount="0"/>
        <line num="59" count="7" type="stmt"/>
        <line num="61" count="15" type="stmt"/>
        <line num="64" count="7" type="stmt"/>
        <line num="69" count="6" type="stmt"/>
      </file>
    </package>
    <package name="express-jobly.models">
      <metrics statements="154" coveredstatements="153" conditionals="56" coveredconditionals="55" methods="22" coveredmethods="22"/>
      <file name="_testCommon.js" path="/home/paraben/Documents/express-jobly/express-jobly/models/_testCommon.js">
        <metrics statements="15" coveredstatements="15" conditionals="0" coveredconditionals="0" methods="5" coveredmethods="5"/>
        <line num="1" count="3" type="stmt"/>
        <line num="3" count="3" type="stmt"/>
        <line num="4" count="3" type="stmt"/>
        <line num="6" count="3" type="stmt"/>
        <line num="10" count="3" type="stmt"/>
        <line num="12" count="3" type="stmt"/>
        <line num="14" count="3" type="stmt"/>
        <line num="16" count="3" type="stmt"/>
        <line num="22" count="3" type="stmt"/>
        <line num="36" count="3" type="stmt"/>
        <line num="44" count="12" type="stmt"/>
        <line num="48" count="50" type="stmt"/>
        <line num="52" count="50" type="stmt"/>
        <line num="56" count="3" type="stmt"/>
        <line num="60" count="3" type="stmt"/>
      </file>
      <file name="company.js" path="/home/paraben/Documents/express-jobly/express-jobly/models/company.js">
        <metrics statements="47" coveredstatements="46" conditionals="19" coveredconditionals="18" methods="5" coveredmethods="5"/>
        <line num="3" count="5" type="stmt"/>
        <line num="4" count="5" type="stmt"/>
        <line num="5" count="5" type="stmt"/>
        <line num="6" count="5" type="stmt"/>
        <line num="21" count="13" type="stmt"/>
        <line num="27" count="13" type="cond" truecount="2" falsecount="0"/>
        <line num="28" count="1" type="stmt"/>
        <line num="30" count="12" type="stmt"/>
        <line num="43" count="12" type="stmt"/>
        <line num="45" count="12" type="stmt"/>
        <line num="54" count="9" type="stmt"/>
        <line num="61" count="9" type="stmt"/>
        <line num="62" count="9" type="stmt"/>
        <line num="64" count="9" type="stmt"/>
        <line num="66" count="9" type="cond" truecount="1" falsecount="1"/>
        <line num="67" count="0" type="stmt"/>
        <line num="70" count="9" type="cond" truecount="2" falsecount="0"/>
        <line num="71" count="4" type="stmt"/>
        <line num="72" count="4" type="stmt"/>
        <line num="74" count="9" type="cond" truecount="2" falsecount="0"/>
        <line num="75" count="4" type="stmt"/>
        <line num="76" count="4" type="stmt"/>
        <line num="78" count="9" type="cond" truecount="2" falsecount="0"/>
        <line num="79" count="3" type="stmt"/>
        <line num="80" count="3" type="stmt"/>
        <line num="83" count="9" type="cond" truecount="2" falsecount="0"/>
        <line num="84" count="6" type="stmt"/>
        <line num="87" count="9" type="stmt"/>
        <line num="88" count="9" type="stmt"/>
        <line num="89" count="8" type="stmt"/>
        <line num="101" count="5" type="stmt"/>
        <line num="111" count="5" type="stmt"/>
        <line num="113" count="5" type="cond" truecount="2" falsecount="0"/>
        <line num="115" count="3" type="stmt"/>
        <line num="122" count="3" type="stmt"/>
        <line num="124" count="3" type="stmt"/>
        <line num="140" count="6" type="stmt"/>
        <line num="146" count="5" type="stmt"/>
        <line num="148" count="5" type="stmt"/>
        <line num="156" count="5" type="stmt"/>
        <line num="157" count="5" type="stmt"/>
        <line num="159" count="5" type="cond" truecount="2" falsecount="0"/>
        <line num="161" count="3" type="stmt"/>
        <line num="170" count="4" type="stmt"/>
        <line num="176" count="4" type="stmt"/>
        <line num="178" count="4" type="cond" truecount="2" falsecount="0"/>
        <line num="183" count="5" type="stmt"/>
      </file>
      <file name="job.js" path="/home/paraben/Documents/express-jobly/express-jobly/models/job.js">
        <metrics statements="47" coveredstatements="47" conditionals="19" coveredconditionals="19" methods="5" coveredmethods="5"/>
        <line num="3" count="4" type="stmt"/>
        <line num="4" count="4" type="stmt"/>
        <line num="5" count="4" type="stmt"/>
        <line num="19" count="16" type="stmt"/>
        <line num="25" count="16" type="cond" truecount="2" falsecount="0"/>
        <line num="26" count="1" type="stmt"/>
        <line num="28" count="15" type="stmt"/>
        <line num="34" count="15" type="cond" truecount="2" falsecount="0"/>
        <line num="35" count="1" type="stmt"/>
        <line num="38" count="14" type="stmt"/>
        <line num="45" count="14" type="stmt"/>
        <line num="47" count="14" type="stmt"/>
        <line num="60" count="5" type="stmt"/>
        <line num="70" count="5" type="stmt"/>
        <line num="71" count="5" type="stmt"/>
        <line num="73" count="5" type="stmt"/>
        <line num="77" count="5" type="cond" truecount="2" falsecount="0"/>
        <line num="78" count="2" type="stmt"/>
        <line num="79" count="2" type="stmt"/>
        <line num="84" count="5" type="cond" truecount="2" falsecount="0"/>
        <line num="85" count="2" type="stmt"/>
        <line num="86" count="2" type="stmt"/>
        <line num="90" count="5" type="cond" truecount="2" falsecount="0"/>
        <line num="91" count="2" type="stmt"/>
        <line num="95" count="5" type="cond" truecount="2" falsecount="0"/>
        <line num="96" count="4" type="stmt"/>
        <line num="100" count="5" type="stmt"/>
        <line num="101" count="5" type="stmt"/>
        <line num="102" count="5" type="stmt"/>
        <line num="114" count="2" type="stmt"/>
        <line num="120" count="2" type="stmt"/>
        <line num="122" count="2" type="cond" truecount="2" falsecount="0"/>
        <line num="124" count="1" type="stmt"/>
        <line num="134" count="1" type="stmt"/>
        <line num="135" count="1" type="stmt"/>
        <line num="137" count="1" type="stmt"/>
        <line num="152" count="4" type="stmt"/>
        <line num="155" count="3" type="stmt"/>
        <line num="157" count="3" type="stmt"/>
        <line num="165" count="3" type="stmt"/>
        <line num="166" count="3" type="stmt"/>
        <line num="168" count="3" type="cond" truecount="2" falsecount="0"/>
        <line num="170" count="2" type="stmt"/>
        <line num="178" count="2" type="stmt"/>
        <line num="183" count="2" type="stmt"/>
        <line num="185" count="2" type="cond" truecount="2" falsecount="0"/>
        <line num="189" count="4" type="stmt"/>
      </file>
      <file name="user.js" path="/home/paraben/Documents/express-jobly/express-jobly/models/user.js">
        <metrics statements="45" coveredstatements="45" conditionals="18" coveredconditionals="18" methods="7" coveredmethods="7"/>
        <line num="3" count="6" type="stmt"/>
        <line num="4" count="6" type="stmt"/>
        <line num="5" count="6" type="stmt"/>
        <line num="10" count="6" type="stmt"/>
        <line num="12" count="6" type="stmt"/>
        <line num="26" count="7" type="stmt"/>
        <line num="38" count="7" type="stmt"/>
        <line num="40" count="7" type="cond" truecount="2" falsecount="0"/>
        <line num="42" count="4" type="stmt"/>
        <line num="43" count="4" type="cond" truecount="2" falsecount="0"/>
        <line num="44" count="3" type="stmt"/>
        <line num="45" count="3" type="stmt"/>
        <line num="49" count="4" type="stmt"/>
        <line num="61" count="16" type="stmt"/>
        <line num="68" count="16" type="cond" truecount="2" falsecount="0"/>
        <line num="69" count="1" type="stmt"/>
        <line num="72" count="15" type="stmt"/>
        <line num="74" count="15" type="stmt"/>
        <line num="94" count="15" type="stmt"/>
        <line num="96" count="15" type="stmt"/>
        <line num="105" count="3" type="stmt"/>
        <line num="115" count="2" type="stmt"/>
        <line num="127" count="5" type="stmt"/>
        <line num="138" count="5" type="stmt"/>
        <line num="140" count="5" type="cond" truecount="2" falsecount="0"/>
        <line num="142" count="3" type="stmt"/>
        <line num="163" count="8" type="cond" truecount="2" falsecount="0"/>
        <line num="164" count="2" type="stmt"/>
        <line num="167" count="8" type="stmt"/>
        <line num="174" count="7" type="stmt"/>
        <line num="176" count="7" type="stmt"/>
        <line num="184" count="7" type="stmt"/>
        <line num="185" count="7" type="stmt"/>
        <line num="187" count="7" type="cond" truecount="2" falsecount="0"/>
        <line num="189" count="5" type="stmt"/>
        <line num="190" count="5" type="stmt"/>
        <line num="196" count="5" type="stmt"/>
        <line num="203" count="5" type="stmt"/>
        <line num="205" count="5" type="cond" truecount="2" falsecount="0"/>
        <line num="217" count="7" type="stmt"/>
        <line num="222" count="7" type="cond" truecount="2" falsecount="0"/>
        <line num="224" count="5" type="stmt"/>
        <line num="229" count="5" type="cond" truecount="2" falsecount="0"/>
        <line num="231" count="3" type="stmt"/>
        <line num="240" count="6" type="stmt"/>
      </file>
    </package>
    <package name="express-jobly.routes">
      <metrics statements="157" coveredstatements="155" conditionals="18" coveredconditionals="17" methods="24" coveredmethods="23"/>
      <file name="_testCommon.js" path="/home/paraben/Documents/express-jobly/express-jobly/routes/_testCommon.js">
        <metrics statements="25" coveredstatements="25" conditionals="0" coveredconditionals="0" methods="4" coveredmethods="4"/>
        <line num="3" count="3" type="stmt"/>
        <line num="4" count="3" type="stmt"/>
        <line num="5" count="3" type="stmt"/>
        <line num="6" count="3" type="stmt"/>
        <line num="7" count="3" type="stmt"/>
        <line num="9" count="3" type="stmt"/>
        <line num="13" count="3" type="stmt"/>
        <line num="15" count="3" type="stmt"/>
        <line num="17" count="3" type="stmt"/>
        <line num="25" count="3" type="stmt"/>
        <line num="33" count="3" type="stmt"/>
        <line num="42" count="3" type="stmt"/>
        <line num="44" count="3" type="stmt"/>
        <line num="46" count="3" type="stmt"/>
        <line num="48" count="3" type="stmt"/>
        <line num="51" count="3" type="stmt"/>
        <line num="59" count="3" type="stmt"/>
        <line num="67" count="3" type="stmt"/>
        <line num="78" count="60" type="stmt"/>
        <line num="82" count="60" type="stmt"/>
        <line num="86" count="3" type="stmt"/>
        <line num="90" count="3" type="stmt"/>
        <line num="91" count="3" type="stmt"/>
        <line num="92" count="3" type="stmt"/>
        <line num="95" count="3" type="stmt"/>
      </file>
      <file name="auth.js" path="/home/paraben/Documents/express-jobly/express-jobly/routes/auth.js">
        <metrics statements="30" coveredstatements="30" conditionals="4" coveredconditionals="4" methods="4" coveredmethods="4"/>
        <line num="5" count="5" type="stmt"/>
        <line num="7" count="5" type="stmt"/>
        <line num="8" count="5" type="stmt"/>
        <line num="9" count="5" type="stmt"/>
        <line num="10" count="5" type="stmt"/>
        <line num="11" count="5" type="stmt"/>
        <line num="12" count="5" type="stmt"/>
        <line num="13" count="5" type="stmt"/>
        <line num="22" count="5" type="stmt"/>
        <line num="23" count="5" type="stmt"/>
        <line num="24" count="5" type="stmt"/>
        <line num="25" count="5" type="cond" truecount="2" falsecount="0"/>
        <line num="26" count="2" type="stmt"/>
        <line num="27" count="2" type="stmt"/>
        <line num="30" count="3" type="stmt"/>
        <line num="31" count="3" type="stmt"/>
        <line num="32" count="1" type="stmt"/>
        <line num="33" count="1" type="stmt"/>
        <line num="35" count="4" type="stmt"/>
        <line num="49" count="5" type="stmt"/>
        <line num="50" count="3" type="stmt"/>
        <line num="51" count="3" type="stmt"/>
        <line num="52" count="3" type="cond" truecount="2" falsecount="0"/>
        <line num="53" count="5" type="stmt"/>
        <line num="54" count="2" type="stmt"/>
        <line num="57" count="1" type="stmt"/>
        <line num="58" count="1" type="stmt"/>
        <line num="59" count="1" type="stmt"/>
        <line num="61" count="2" type="stmt"/>
        <line num="66" count="5" type="stmt"/>
      </file>
      <file name="companies.js" path="/home/paraben/Documents/express-jobly/express-jobly/routes/companies.js">
        <metrics statements="52" coveredstatements="50" conditionals="10" coveredconditionals="9" methods="8" coveredmethods="7"/>
        <line num="5" count="5" type="stmt"/>
        <line num="6" count="5" type="stmt"/>
        <line num="8" count="5" type="stmt"/>
        <line num="9" count="5" type="stmt"/>
        <line num="10" count="5" type="stmt"/>
        <line num="12" count="5" type="stmt"/>
        <line num="13" count="5" type="stmt"/>
        <line num="14" count="5" type="stmt"/>
        <line num="16" count="5" type="stmt"/>
        <line num="28" count="5" type="stmt"/>
        <line num="29" count="3" type="stmt"/>
        <line num="30" count="3" type="stmt"/>
        <line num="31" count="3" type="cond" truecount="2" falsecount="0"/>
        <line num="32" count="3" type="stmt"/>
        <line num="33" count="2" type="stmt"/>
        <line num="36" count="1" type="stmt"/>
        <line num="37" count="1" type="stmt"/>
        <line num="39" count="2" type="stmt"/>
        <line num="54" count="5" type="stmt"/>
        <line num="55" count="3" type="stmt"/>
        <line num="56" count="3" type="stmt"/>
        <line num="58" count="3" type="cond" truecount="2" falsecount="0"/>
        <line num="59" count="1" type="stmt"/>
        <line num="61" count="3" type="cond" truecount="2" falsecount="0"/>
        <line num="62" count="1" type="stmt"/>
        <line num="65" count="3" type="stmt"/>
        <line num="66" count="3" type="cond" truecount="1" falsecount="1"/>
        <line num="67" count="0" type="stmt"/>
        <line num="68" count="0" type="stmt"/>
        <line num="71" count="3" type="stmt"/>
        <line num="72" count="2" type="stmt"/>
        <line num="74" count="1" type="stmt"/>
        <line num="86" count="5" type="stmt"/>
        <line num="87" count="3" type="stmt"/>
        <line num="88" count="3" type="stmt"/>
        <line num="89" count="2" type="stmt"/>
        <line num="91" count="1" type="stmt"/>
        <line num="106" count="5" type="stmt"/>
        <line num="107" count="4" type="stmt"/>
        <line num="108" count="4" type="stmt"/>
        <line num="109" count="4" type="cond" truecount="2" falsecount="0"/>
        <line num="110" count="2" type="stmt"/>
        <line num="111" count="2" type="stmt"/>
        <line num="114" count="2" type="stmt"/>
        <line num="115" count="1" type="stmt"/>
        <line num="117" count="3" type="stmt"/>
        <line num="126" count="5" type="stmt"/>
        <line num="127" count="2" type="stmt"/>
        <line num="128" count="2" type="stmt"/>
        <line num="129" count="1" type="stmt"/>
        <line num="131" count="1" type="stmt"/>
        <line num="136" count="5" type="stmt"/>
      </file>
      <file name="users.js" path="/home/paraben/Documents/express-jobly/express-jobly/routes/users.js">
        <metrics statements="50" coveredstatements="50" conditionals="4" coveredconditionals="4" methods="8" coveredmethods="8"/>
        <line num="5" count="5" type="stmt"/>
        <line num="7" count="5" type="stmt"/>
        <line num="8" count="5" type="stmt"/>
        <line num="9" count="5" type="stmt"/>
        <line num="10" count="5" type="stmt"/>
        <line num="11" count="5" type="stmt"/>
        <line num="12" count="5" type="stmt"/>
        <line num="13" count="5" type="stmt"/>
        <line num="15" count="5" type="stmt"/>
        <line num="30" count="5" type="stmt"/>
        <line num="31" count="4" type="stmt"/>
        <line num="32" count="4" type="stmt"/>
        <line num="33" count="4" type="cond" truecount="2" falsecount="0"/>
        <line num="34" count="5" type="stmt"/>
        <line num="35" count="2" type="stmt"/>
        <line num="38" count="2" type="stmt"/>
        <line num="39" count="2" type="stmt"/>
        <line num="40" count="2" type="stmt"/>
        <line num="42" count="2" type="stmt"/>
        <line num="54" count="5" type="stmt"/>
        <line num="55" count="2" type="stmt"/>
        <line num="56" count="2" type="stmt"/>
        <line num="57" count="1" type="stmt"/>
        <line num="59" count="1" type="stmt"/>
        <line num="71" count="5" type="stmt"/>
        <line num="72" count="3" type="stmt"/>
        <line num="73" count="3" type="stmt"/>
        <line num="74" count="2" type="stmt"/>
        <line num="76" count="1" type="stmt"/>
        <line num="91" count="5" type="stmt"/>
        <line num="92" count="5" type="stmt"/>
        <line num="93" count="5" type="stmt"/>
        <line num="94" count="5" type="cond" truecount="2" falsecount="0"/>
        <line num="95" count="1" type="stmt"/>
        <line num="96" count="1" type="stmt"/>
        <line num="99" count="4" type="stmt"/>
        <line num="100" count="3" type="stmt"/>
        <line num="102" count="2" type="stmt"/>
        <line num="112" count="5" type="stmt"/>
        <line num="113" count="3" type="stmt"/>
        <line num="114" count="3" type="stmt"/>
        <line num="115" count="2" type="stmt"/>
        <line num="117" count="1" type="stmt"/>
        <line num="123" count="5" type="stmt"/>
        <line num="124" count="4" type="stmt"/>
        <line num="125" count="4" type="stmt"/>
        <line num="126" count="4" type="stmt"/>
        <line num="127" count="2" type="stmt"/>
        <line num="129" count="2" type="stmt"/>
        <line num="133" count="5" type="stmt"/>
      </file>
    </package>
  </project>
</coverage>
