TN:
SF:app.js
FN:30,(anonymous_0)
FN:35,(anonymous_1)
FNF:2
FNH:2
FNDA:2,(anonymous_0)
FNDA:30,(anonymous_1)
DA:5,5
DA:6,5
DA:8,5
DA:10,5
DA:11,5
DA:12,5
DA:13,5
DA:15,5
DA:17,5
DA:19,5
DA:20,5
DA:21,5
DA:22,5
DA:24,5
DA:25,5
DA:26,5
DA:30,5
DA:31,2
DA:35,5
DA:36,30
DA:37,30
DA:38,30
DA:40,30
DA:45,5
LF:24
LH:24
BRDA:36,0,0,1
BRDA:36,0,1,29
BRDA:37,1,0,30
BRDA:37,1,1,2
BRF:4
BRH:4
end_of_record
TN:
SF:config.js
FN:20,getDatabaseUri
FNF:1
FNH:1
FNDA:18,getDatabaseUri
DA:5,9
DA:6,9
DA:8,9
DA:10,9
DA:21,18
DA:29,9
DA:31,9
DA:32,9
DA:33,9
DA:34,9
DA:35,9
DA:36,9
DA:38,9
LF:13
LH:13
BRDA:8,0,0,9
BRDA:8,0,1,8
BRDA:10,1,0,9
BRDA:10,1,1,8
BRDA:21,2,0,15
BRDA:21,2,1,3
BRDA:23,3,0,3
BRDA:23,3,1,1
BRDA:29,4,0,8
BRDA:29,4,1,1
BRF:10
BRH:10
end_of_record
TN:
SF:db.js
FNF:0
FNH:0
DA:3,6
DA:4,6
DA:28,6
DA:29,0
DA:40,6
DA:49,6
DA:51,6
LF:7
LH:6
BRDA:28,0,0,0
BRDA:28,0,1,6
BRF:2
BRH:1
end_of_record
TN:
SF:expressError.js
FN:8,(anonymous_0)
FN:18,(anonymous_1)
FN:26,(anonymous_2)
FN:34,(anonymous_3)
FN:42,(anonymous_4)
FNF:5
FNH:4
FNDA:42,(anonymous_0)
FNDA:14,(anonymous_1)
FNDA:12,(anonymous_2)
FNDA:16,(anonymous_3)
FNDA:0,(anonymous_4)
DA:9,42
DA:10,42
DA:11,42
DA:19,14
DA:27,12
DA:35,16
DA:43,0
DA:47,8
LF:8
LH:7
BRDA:18,0,0,2
BRDA:26,1,0,8
BRDA:34,2,0,0
BRDA:42,3,0,0
BRF:4
BRH:2
end_of_record
TN:
SF:helpers/sql.js
FN:17,sqlForPartialUpdate
FN:22,(anonymous_1)
FNF:2
FNH:2
FNDA:15,sqlForPartialUpdate
FNDA:26,(anonymous_1)
DA:1,7
DA:18,15
DA:19,15
DA:22,12
DA:23,26
DA:26,12
DA:32,7
LF:7
LH:7
BRDA:19,0,0,3
BRDA:19,0,1,12
BRDA:23,1,0,26
BRDA:23,1,1,13
BRF:4
BRH:4
end_of_record
TN:
SF:helpers/tokens.js
FN:6,createToken
FNF:1
FNH:1
FNDA:10,createToken
DA:1,6
DA:2,6
DA:7,10
DA:10,10
DA:15,10
DA:18,6
LF:6
LH:6
BRDA:12,0,0,10
BRDA:12,0,1,8
BRF:2
BRH:2
end_of_record
TN:
SF:middleware/auth.js
FN:18,authenticateJWT
FN:36,ensureLoggedIn
FNF:2
FNH:2
FNDA:49,authenticateJWT
FNDA:32,ensureLoggedIn
DA:5,6
DA:6,6
DA:7,6
DA:19,49
DA:20,49
DA:21,49
DA:22,26
DA:23,26
DA:25,48
DA:27,1
DA:37,32
DA:38,32
DA:39,24
DA:41,8
DA:46,6
LF:15
LH:15
BRDA:20,0,0,49
BRDA:20,0,1,48
BRDA:21,1,0,26
BRDA:21,1,1,23
BRDA:38,2,0,8
BRDA:38,2,1,24
BRF:6
BRH:6
end_of_record
TN:
SF:models/_testCommon.js
FN:6,commonBeforeAll
FN:33,commonBeforeEach
FN:37,commonAfterEach
FN:41,commonAfterAll
FNF:4
FNH:4
FNDA:2,commonBeforeAll
FNDA:27,commonBeforeEach
FNDA:27,commonAfterEach
FNDA:2,commonAfterAll
DA:1,2
DA:3,2
DA:4,2
DA:8,2
DA:10,2
DA:12,2
DA:18,2
DA:34,27
DA:38,27
DA:42,2
DA:46,2
LF:11
LH:11
BRF:0
BRH:0
end_of_record
TN:
SF:models/company.js
FN:20,(anonymous_0)
FN:53,(anonymous_1)
FN:100,(anonymous_2)
FN:130,(anonymous_3)
FN:160,(anonymous_4)
FNF:5
FNH:5
FNDA:13,(anonymous_0)
FNDA:5,(anonymous_1)
FNDA:5,(anonymous_2)
FNDA:6,(anonymous_3)
FNDA:4,(anonymous_4)
DA:3,5
DA:4,5
DA:5,5
DA:6,5
DA:21,13
DA:27,13
DA:28,1
DA:30,12
DA:43,12
DA:45,12
DA:54,5
DA:61,5
DA:62,5
DA:64,5
DA:66,5
DA:67,0
DA:70,5
DA:71,2
DA:72,2
DA:74,5
DA:75,1
DA:76,1
DA:78,5
DA:79,1
DA:80,1
DA:83,5
DA:84,2
DA:87,5
DA:88,5
DA:89,4
DA:101,5
DA:111,5
DA:113,5
DA:115,3
DA:131,6
DA:137,5
DA:139,5
DA:147,5
DA:148,5
DA:150,5
DA:152,3
DA:161,4
DA:167,4
DA:169,4
DA:174,5
LF:45
LH:44
BRDA:27,0,0,1
BRDA:27,0,1,12
BRDA:53,1,0,1
BRDA:66,2,0,0
BRDA:66,2,1,5
BRDA:70,3,0,2
BRDA:70,3,1,3
BRDA:74,4,0,1
BRDA:74,4,1,4
BRDA:78,5,0,1
BRDA:78,5,1,4
BRDA:83,6,0,2
BRDA:83,6,1,3
BRDA:113,7,0,2
BRDA:113,7,1,3
BRDA:150,8,0,2
BRDA:150,8,1,3
BRDA:169,9,0,2
BRDA:169,9,1,2
BRF:19
BRH:18
end_of_record
TN:
SF:models/user.js
FN:24,(anonymous_0)
FN:59,(anonymous_1)
FN:104,(anonymous_2)
FN:126,(anonymous_3)
FN:162,(anonymous_4)
FN:195,(anonymous_5)
FNF:6
FNH:6
FNDA:7,(anonymous_0)
FNDA:16,(anonymous_1)
FNDA:3,(anonymous_2)
FNDA:4,(anonymous_3)
FNDA:7,(anonymous_4)
FNDA:4,(anonymous_5)
DA:3,6
DA:4,6
DA:5,6
DA:10,6
DA:12,6
DA:26,7
DA:38,7
DA:40,7
DA:42,4
DA:43,4
DA:44,3
DA:45,3
DA:49,4
DA:61,16
DA:68,16
DA:69,1
DA:72,15
DA:74,15
DA:94,15
DA:96,15
DA:105,3
DA:115,2
DA:127,4
DA:138,4
DA:140,4
DA:142,2
DA:163,7
DA:164,2
DA:167,7
DA:174,6
DA:176,6
DA:184,6
DA:185,6
DA:187,6
DA:189,4
DA:190,4
DA:196,4
DA:203,4
DA:205,4
DA:210,6
LF:40
LH:40
BRDA:40,0,0,4
BRDA:40,0,1,3
BRDA:43,1,0,3
BRDA:43,1,1,1
BRDA:68,2,0,1
BRDA:68,2,1,15
BRDA:140,3,0,2
BRDA:140,3,1,2
BRDA:163,4,0,2
BRDA:163,4,1,5
BRDA:187,5,0,2
BRDA:187,5,1,4
BRDA:205,6,0,2
BRDA:205,6,1,2
BRF:14
BRH:14
end_of_record
TN:
SF:routes/_testCommon.js
FN:8,commonBeforeAll
FN:65,commonBeforeEach
FN:69,commonAfterEach
FN:73,commonAfterAll
FNF:4
FNH:4
FNDA:3,commonBeforeAll
FNDA:44,commonBeforeEach
FNDA:44,commonAfterEach
FNDA:3,commonAfterAll
DA:3,3
DA:4,3
DA:5,3
DA:6,3
DA:10,3
DA:12,3
DA:14,3
DA:22,3
DA:30,3
DA:39,3
DA:47,3
DA:55,3
DA:66,44
DA:70,44
DA:74,3
DA:78,3
DA:81,3
LF:17
LH:17
BRF:0
BRH:0
end_of_record
TN:
SF:routes/auth.js
FN:22,(anonymous_0)
FN:26,(anonymous_1)
FN:49,(anonymous_2)
FN:53,(anonymous_3)
FNF:4
FNH:4
FNDA:5,(anonymous_0)
FNDA:2,(anonymous_1)
FNDA:3,(anonymous_2)
FNDA:5,(anonymous_3)
DA:5,5
DA:7,5
DA:8,5
DA:9,5
DA:10,5
DA:11,5
DA:12,5
DA:13,5
DA:22,5
DA:23,5
DA:24,5
DA:25,5
DA:26,2
DA:27,2
DA:30,3
DA:31,3
DA:32,1
DA:33,1
DA:35,4
DA:49,5
DA:50,3
DA:51,3
DA:52,3
DA:53,5
DA:54,2
DA:57,1
DA:58,1
DA:59,1
DA:61,2
DA:66,5
LF:30
LH:30
BRDA:25,0,0,2
BRDA:25,0,1,3
BRDA:52,1,0,2
BRDA:52,1,1,1
BRF:4
BRH:4
end_of_record
TN:
SF:routes/companies.js
FN:28,(anonymous_0)
FN:32,(anonymous_1)
FN:54,(anonymous_2)
FN:67,(anonymous_3)
FN:86,(anonymous_4)
FN:106,(anonymous_5)
FN:110,(anonymous_6)
FN:126,(anonymous_7)
FNF:8
FNH:7
FNDA:3,(anonymous_0)
FNDA:3,(anonymous_1)
FNDA:3,(anonymous_2)
FNDA:0,(anonymous_3)
FNDA:3,(anonymous_4)
FNDA:4,(anonymous_5)
FNDA:2,(anonymous_6)
FNDA:2,(anonymous_7)
DA:5,5
DA:6,5
DA:8,5
DA:9,5
DA:10,5
DA:12,5
DA:13,5
DA:14,5
DA:16,5
DA:28,5
DA:29,3
DA:30,3
DA:31,3
DA:32,3
DA:33,2
DA:36,1
DA:37,1
DA:39,2
DA:54,5
DA:55,3
DA:56,3
DA:58,3
DA:59,1
DA:61,3
DA:62,1
DA:65,3
DA:66,3
DA:67,0
DA:68,0
DA:71,3
DA:72,2
DA:74,1
DA:86,5
DA:87,3
DA:88,3
DA:89,2
DA:91,1
DA:106,5
DA:107,4
DA:108,4
DA:109,4
DA:110,2
DA:111,2
DA:114,2
DA:115,1
DA:117,3
DA:126,5
DA:127,2
DA:128,2
DA:129,1
DA:131,1
DA:136,5
LF:52
LH:50
BRDA:31,0,0,2
BRDA:31,0,1,1
BRDA:58,1,0,1
BRDA:58,1,1,2
BRDA:61,2,0,1
BRDA:61,2,1,2
BRDA:66,3,0,0
BRDA:66,3,1,3
BRDA:109,4,0,2
BRDA:109,4,1,2
BRF:10
BRH:9
end_of_record
TN:
SF:routes/users.js
FN:30,(anonymous_0)
FN:34,(anonymous_1)
FN:54,(anonymous_2)
FN:71,(anonymous_3)
FN:91,(anonymous_4)
FN:95,(anonymous_5)
FN:112,(anonymous_6)
FNF:7
FNH:7
FNDA:4,(anonymous_0)
FNDA:5,(anonymous_1)
FNDA:2,(anonymous_2)
FNDA:2,(anonymous_3)
FNDA:4,(anonymous_4)
FNDA:1,(anonymous_5)
FNDA:2,(anonymous_6)
DA:5,5
DA:7,5
DA:8,5
DA:9,5
DA:10,5
DA:11,5
DA:12,5
DA:13,5
DA:15,5
DA:30,5
DA:31,4
DA:32,4
DA:33,4
DA:34,5
DA:35,2
DA:38,2
DA:39,2
DA:40,2
DA:42,2
DA:54,5
DA:55,2
DA:56,2
DA:57,1
DA:59,1
DA:71,5
DA:72,2
DA:73,2
DA:74,1
DA:76,1
DA:91,5
DA:92,4
DA:93,4
DA:94,4
DA:95,1
DA:96,1
DA:99,3
DA:100,2
DA:102,2
DA:112,5
DA:113,2
DA:114,2
DA:115,1
DA:117,1
DA:122,5
LF:44
LH:44
BRDA:33,0,0,2
BRDA:33,0,1,2
BRDA:94,1,0,1
BRDA:94,1,1,3
BRF:4
BRH:4
end_of_record
