TN:
SF:app.js
FN:30,(anonymous_0)
FN:35,(anonymous_1)
FNF:2
FNH:2
FNDA:2,(anonymous_0)
FNDA:41,(anonymous_1)
DA:5,5
DA:6,5
DA:8,5
DA:10,5
DA:11,5
DA:12,5
DA:13,5
DA:15,5
DA:17,5
DA:19,5
DA:20,5
DA:21,5
DA:22,5
DA:24,5
DA:25,5
DA:26,5
DA:30,5
DA:31,2
DA:35,5
DA:36,41
DA:37,41
DA:38,41
DA:40,41
DA:45,5
LF:24
LH:24
BRDA:36,0,0,1
BRDA:36,0,1,40
BRDA:37,1,0,41
BRDA:37,1,1,2
BRF:4
BRH:4
end_of_record
TN:
SF:config.js
FN:20,getDatabaseUri
FNF:1
FNH:1
FNDA:20,getDatabaseUri
DA:5,10
DA:6,10
DA:8,10
DA:10,10
DA:21,20
DA:29,10
DA:31,10
DA:32,10
DA:33,10
DA:34,10
DA:35,10
DA:36,10
DA:38,10
LF:13
LH:13
BRDA:8,0,0,10
BRDA:8,0,1,9
BRDA:10,1,0,10
BRDA:10,1,1,9
BRDA:21,2,0,17
BRDA:21,2,1,3
BRDA:23,3,0,3
BRDA:23,3,1,1
BRDA:29,4,0,9
BRDA:29,4,1,1
BRF:10
BRH:10
end_of_record
TN:
SF:db.js
FNF:0
FNH:0
DA:3,7
DA:4,7
DA:28,7
DA:29,0
DA:40,7
DA:49,7
DA:51,7
LF:7
LH:6
BRDA:28,0,0,0
BRDA:28,0,1,7
BRF:2
BRH:1
end_of_record
TN:
SF:expressError.js
FN:8,(anonymous_0)
FN:18,(anonymous_1)
FN:26,(anonymous_2)
FN:34,(anonymous_3)
FN:42,(anonymous_4)
FNF:5
FNH:4
FNDA:61,(anonymous_0)
FNDA:21,(anonymous_1)
FNDA:21,(anonymous_2)
FNDA:19,(anonymous_3)
FNDA:0,(anonymous_4)
DA:9,61
DA:10,61
DA:11,61
DA:19,21
DA:27,21
DA:35,19
DA:43,0
DA:47,9
LF:8
LH:7
BRDA:18,0,0,2
BRDA:26,1,0,17
BRDA:34,2,0,0
BRDA:42,3,0,0
BRF:4
BRH:2
end_of_record
TN:
SF:helpers/sql.js
FN:17,sqlForPartialUpdate
FN:22,(anonymous_1)
FNF:2
FNH:2
FNDA:20,sqlForPartialUpdate
FNDA:37,(anonymous_1)
DA:1,8
DA:18,20
DA:19,20
DA:22,16
DA:23,37
DA:26,16
DA:32,8
LF:7
LH:7
BRDA:19,0,0,4
BRDA:19,0,1,16
BRDA:23,1,0,37
BRDA:23,1,1,23
BRF:4
BRH:4
end_of_record
TN:
SF:helpers/tokens.js
FN:6,createToken
FNF:1
FNH:1
FNDA:16,createToken
DA:1,6
DA:2,6
DA:7,16
DA:10,16
DA:15,16
DA:18,6
LF:6
LH:6
BRDA:12,0,0,16
BRDA:12,0,1,11
BRF:2
BRH:2
end_of_record
TN:
SF:middleware/auth.js
FN:18,authenticateJWT
FN:36,ensureLoggedIn
FN:45,ensureAdmin
FN:55,ensureSpecificUserOrAdmin
FNF:4
FNH:4
FNDA:65,authenticateJWT
FNDA:2,ensureLoggedIn
FNDA:24,ensureAdmin
FNDA:22,ensureSpecificUserOrAdmin
DA:5,6
DA:6,6
DA:7,6
DA:19,65
DA:20,65
DA:21,65
DA:22,42
DA:23,42
DA:25,64
DA:27,1
DA:37,2
DA:38,2
DA:39,1
DA:41,1
DA:46,24
DA:47,24
DA:48,15
DA:51,9
DA:56,22
DA:57,22
DA:58,22
DA:59,7
DA:61,15
DA:64,7
DA:69,6
LF:25
LH:25
BRDA:20,0,0,65
BRDA:20,0,1,64
BRDA:21,1,0,42
BRDA:21,1,1,23
BRDA:38,2,0,1
BRDA:38,2,1,1
BRDA:47,3,0,9
BRDA:47,3,1,15
BRDA:47,4,0,24
BRDA:47,4,1,20
BRDA:58,5,0,7
BRDA:58,5,1,15
BRDA:58,6,0,22
BRDA:58,6,1,19
BRDA:58,6,2,15
BRF:15
BRH:15
end_of_record
TN:
SF:models/_testCommon.js
FN:8,commonBeforeAll
FN:44,(anonymous_1)
FN:47,commonBeforeEach
FN:51,commonAfterEach
FN:55,commonAfterAll
FNF:5
FNH:5
FNDA:3,commonBeforeAll
FNDA:12,(anonymous_1)
FNDA:50,commonBeforeEach
FNDA:50,commonAfterEach
FNDA:3,commonAfterAll
DA:1,3
DA:3,3
DA:4,3
DA:6,3
DA:10,3
DA:12,3
DA:14,3
DA:16,3
DA:22,3
DA:36,3
DA:44,12
DA:48,50
DA:52,50
DA:56,3
DA:60,3
LF:15
LH:15
BRF:0
BRH:0
end_of_record
TN:
SF:models/company.js
FN:20,(anonymous_0)
FN:53,(anonymous_1)
FN:100,(anonymous_2)
FN:139,(anonymous_3)
FN:169,(anonymous_4)
FNF:5
FNH:5
FNDA:13,(anonymous_0)
FNDA:9,(anonymous_1)
FNDA:5,(anonymous_2)
FNDA:6,(anonymous_3)
FNDA:4,(anonymous_4)
DA:3,5
DA:4,5
DA:5,5
DA:6,5
DA:21,13
DA:27,13
DA:28,1
DA:30,12
DA:43,12
DA:45,12
DA:54,9
DA:61,9
DA:62,9
DA:64,9
DA:66,9
DA:67,0
DA:70,9
DA:71,4
DA:72,4
DA:74,9
DA:75,4
DA:76,4
DA:78,9
DA:79,3
DA:80,3
DA:83,9
DA:84,6
DA:87,9
DA:88,9
DA:89,8
DA:101,5
DA:111,5
DA:113,5
DA:115,3
DA:122,3
DA:124,3
DA:140,6
DA:146,5
DA:148,5
DA:156,5
DA:157,5
DA:159,5
DA:161,3
DA:170,4
DA:176,4
DA:178,4
DA:183,5
LF:47
LH:46
BRDA:27,0,0,1
BRDA:27,0,1,12
BRDA:53,1,0,1
BRDA:66,2,0,0
BRDA:66,2,1,9
BRDA:70,3,0,4
BRDA:70,3,1,5
BRDA:74,4,0,4
BRDA:74,4,1,5
BRDA:78,5,0,3
BRDA:78,5,1,6
BRDA:83,6,0,6
BRDA:83,6,1,3
BRDA:113,7,0,2
BRDA:113,7,1,3
BRDA:159,8,0,2
BRDA:159,8,1,3
BRDA:178,9,0,2
BRDA:178,9,1,2
BRF:19
BRH:18
end_of_record
TN:
SF:models/job.js
FN:18,(anonymous_0)
FN:59,(anonymous_1)
FN:113,(anonymous_2)
FN:151,(anonymous_3)
FN:177,(anonymous_4)
FNF:5
FNH:5
FNDA:16,(anonymous_0)
FNDA:5,(anonymous_1)
FNDA:2,(anonymous_2)
FNDA:4,(anonymous_3)
FNDA:2,(anonymous_4)
DA:3,4
DA:4,4
DA:5,4
DA:19,16
DA:25,16
DA:26,1
DA:28,15
DA:34,15
DA:35,1
DA:38,14
DA:45,14
DA:47,14
DA:60,5
DA:70,5
DA:71,5
DA:73,5
DA:77,5
DA:78,2
DA:79,2
DA:84,5
DA:85,2
DA:86,2
DA:90,5
DA:91,2
DA:95,5
DA:96,4
DA:100,5
DA:101,5
DA:102,5
DA:114,2
DA:120,2
DA:122,2
DA:124,1
DA:134,1
DA:135,1
DA:137,1
DA:152,4
DA:155,3
DA:157,3
DA:165,3
DA:166,3
DA:168,3
DA:170,2
DA:178,2
DA:183,2
DA:185,2
DA:189,4
LF:47
LH:47
BRDA:25,0,0,1
BRDA:25,0,1,15
BRDA:34,1,0,1
BRDA:34,1,1,14
BRDA:59,2,0,1
BRDA:77,3,0,2
BRDA:77,3,1,3
BRDA:84,4,0,2
BRDA:84,4,1,3
BRDA:90,5,0,2
BRDA:90,5,1,3
BRDA:95,6,0,4
BRDA:95,6,1,1
BRDA:122,7,0,1
BRDA:122,7,1,1
BRDA:168,8,0,1
BRDA:168,8,1,2
BRDA:185,9,0,1
BRDA:185,9,1,1
BRF:19
BRH:19
end_of_record
TN:
SF:models/user.js
FN:24,(anonymous_0)
FN:59,(anonymous_1)
FN:104,(anonymous_2)
FN:126,(anonymous_3)
FN:162,(anonymous_4)
FN:195,(anonymous_5)
FN:216,(anonymous_6)
FNF:7
FNH:7
FNDA:7,(anonymous_0)
FNDA:16,(anonymous_1)
FNDA:3,(anonymous_2)
FNDA:5,(anonymous_3)
FNDA:8,(anonymous_4)
FNDA:5,(anonymous_5)
FNDA:7,(anonymous_6)
DA:3,6
DA:4,6
DA:5,6
DA:10,6
DA:12,6
DA:26,7
DA:38,7
DA:40,7
DA:42,4
DA:43,4
DA:44,3
DA:45,3
DA:49,4
DA:61,16
DA:68,16
DA:69,1
DA:72,15
DA:74,15
DA:94,15
DA:96,15
DA:105,3
DA:115,2
DA:127,5
DA:138,5
DA:140,5
DA:142,3
DA:163,8
DA:164,2
DA:167,8
DA:174,7
DA:176,7
DA:184,7
DA:185,7
DA:187,7
DA:189,5
DA:190,5
DA:196,5
DA:203,5
DA:205,5
DA:217,7
DA:222,7
DA:224,5
DA:229,5
DA:231,3
DA:240,6
LF:45
LH:45
BRDA:40,0,0,4
BRDA:40,0,1,3
BRDA:43,1,0,3
BRDA:43,1,1,1
BRDA:68,2,0,1
BRDA:68,2,1,15
BRDA:140,3,0,2
BRDA:140,3,1,3
BRDA:163,4,0,2
BRDA:163,4,1,6
BRDA:187,5,0,2
BRDA:187,5,1,5
BRDA:205,6,0,2
BRDA:205,6,1,3
BRDA:222,7,0,2
BRDA:222,7,1,5
BRDA:229,8,0,2
BRDA:229,8,1,3
BRF:18
BRH:18
end_of_record
TN:
SF:routes/_testCommon.js
FN:11,commonBeforeAll
FN:77,commonBeforeEach
FN:81,commonAfterEach
FN:85,commonAfterAll
FNF:4
FNH:4
FNDA:3,commonBeforeAll
FNDA:60,commonBeforeEach
FNDA:60,commonAfterEach
FNDA:3,commonAfterAll
DA:3,3
DA:4,3
DA:5,3
DA:6,3
DA:7,3
DA:9,3
DA:13,3
DA:15,3
DA:17,3
DA:25,3
DA:33,3
DA:42,3
DA:44,3
DA:46,3
DA:48,3
DA:51,3
DA:59,3
DA:67,3
DA:78,60
DA:82,60
DA:86,3
DA:90,3
DA:91,3
DA:92,3
DA:95,3
LF:25
LH:25
BRF:0
BRH:0
end_of_record
TN:
SF:routes/auth.js
FN:22,(anonymous_0)
FN:26,(anonymous_1)
FN:49,(anonymous_2)
FN:53,(anonymous_3)
FNF:4
FNH:4
FNDA:5,(anonymous_0)
FNDA:2,(anonymous_1)
FNDA:3,(anonymous_2)
FNDA:5,(anonymous_3)
DA:5,5
DA:7,5
DA:8,5
DA:9,5
DA:10,5
DA:11,5
DA:12,5
DA:13,5
DA:22,5
DA:23,5
DA:24,5
DA:25,5
DA:26,2
DA:27,2
DA:30,3
DA:31,3
DA:32,1
DA:33,1
DA:35,4
DA:49,5
DA:50,3
DA:51,3
DA:52,3
DA:53,5
DA:54,2
DA:57,1
DA:58,1
DA:59,1
DA:61,2
DA:66,5
LF:30
LH:30
BRDA:25,0,0,2
BRDA:25,0,1,3
BRDA:52,1,0,2
BRDA:52,1,1,1
BRF:4
BRH:4
end_of_record
TN:
SF:routes/companies.js
FN:28,(anonymous_0)
FN:32,(anonymous_1)
FN:54,(anonymous_2)
FN:67,(anonymous_3)
FN:86,(anonymous_4)
FN:106,(anonymous_5)
FN:110,(anonymous_6)
FN:126,(anonymous_7)
FNF:8
FNH:7
FNDA:3,(anonymous_0)
FNDA:3,(anonymous_1)
FNDA:3,(anonymous_2)
FNDA:0,(anonymous_3)
FNDA:3,(anonymous_4)
FNDA:4,(anonymous_5)
FNDA:2,(anonymous_6)
FNDA:2,(anonymous_7)
DA:5,5
DA:6,5
DA:8,5
DA:9,5
DA:10,5
DA:12,5
DA:13,5
DA:14,5
DA:16,5
DA:28,5
DA:29,3
DA:30,3
DA:31,3
DA:32,3
DA:33,2
DA:36,1
DA:37,1
DA:39,2
DA:54,5
DA:55,3
DA:56,3
DA:58,3
DA:59,1
DA:61,3
DA:62,1
DA:65,3
DA:66,3
DA:67,0
DA:68,0
DA:71,3
DA:72,2
DA:74,1
DA:86,5
DA:87,3
DA:88,3
DA:89,2
DA:91,1
DA:106,5
DA:107,4
DA:108,4
DA:109,4
DA:110,2
DA:111,2
DA:114,2
DA:115,1
DA:117,3
DA:126,5
DA:127,2
DA:128,2
DA:129,1
DA:131,1
DA:136,5
LF:52
LH:50
BRDA:31,0,0,2
BRDA:31,0,1,1
BRDA:58,1,0,1
BRDA:58,1,1,2
BRDA:61,2,0,1
BRDA:61,2,1,2
BRDA:66,3,0,0
BRDA:66,3,1,3
BRDA:109,4,0,2
BRDA:109,4,1,2
BRF:10
BRH:9
end_of_record
TN:
SF:routes/users.js
FN:30,(anonymous_0)
FN:34,(anonymous_1)
FN:54,(anonymous_2)
FN:71,(anonymous_3)
FN:91,(anonymous_4)
FN:95,(anonymous_5)
FN:112,(anonymous_6)
FN:123,(anonymous_7)
FNF:8
FNH:8
FNDA:4,(anonymous_0)
FNDA:5,(anonymous_1)
FNDA:2,(anonymous_2)
FNDA:3,(anonymous_3)
FNDA:5,(anonymous_4)
FNDA:1,(anonymous_5)
FNDA:3,(anonymous_6)
FNDA:4,(anonymous_7)
DA:5,5
DA:7,5
DA:8,5
DA:9,5
DA:10,5
DA:11,5
DA:12,5
DA:13,5
DA:15,5
DA:30,5
DA:31,4
DA:32,4
DA:33,4
DA:34,5
DA:35,2
DA:38,2
DA:39,2
DA:40,2
DA:42,2
DA:54,5
DA:55,2
DA:56,2
DA:57,1
DA:59,1
DA:71,5
DA:72,3
DA:73,3
DA:74,2
DA:76,1
DA:91,5
DA:92,5
DA:93,5
DA:94,5
DA:95,1
DA:96,1
DA:99,4
DA:100,3
DA:102,2
DA:112,5
DA:113,3
DA:114,3
DA:115,2
DA:117,1
DA:123,5
DA:124,4
DA:125,4
DA:126,4
DA:127,2
DA:129,2
DA:133,5
LF:50
LH:50
BRDA:33,0,0,2
BRDA:33,0,1,2
BRDA:94,1,0,1
BRDA:94,1,1,4
BRF:4
BRH:4
end_of_record
